2026-01-05 16:51:40 [INFO] Dataset Config: {'root_dir': 'data\\raw', 'output_dir': 'data\\processed', 'images_dir_name': 'images', 'labels_dir_name': 'labels', 'image_size': 128, 'max_seq_len': 32, 'mean': [0.485, 0.456, 0.406], 'std': [0.229, 0.224, 0.225], 'allowed_weather': ['clear', 'partly cloudy', 'overcast', 'undefined'], 'allowed_time': ['daytime']}
2026-01-05 16:51:40 [INFO] Experiment: vlm_run_01
2026-01-05 16:51:40 [INFO] Device: cuda
2026-01-05 16:51:41 [INFO] Loading Data...
2026-01-05 16:51:41 [INFO] Vocab Size: 28
2026-01-05 16:51:41 [INFO] Train Batches: 37411 | Val Batches: 5327
2026-01-05 16:51:41 [INFO] Initializing Model...
2026-01-05 17:55:04 [INFO] Dataset Config: {'root_dir': 'data\\raw', 'output_dir': 'data\\processed', 'images_dir_name': 'images', 'labels_dir_name': 'labels', 'image_size': 128, 'max_seq_len': 32, 'mean': [0.485, 0.456, 0.406], 'std': [0.229, 0.224, 0.225], 'allowed_weather': ['clear', 'partly cloudy', 'overcast', 'undefined'], 'allowed_time': ['daytime']}
2026-01-05 17:55:04 [INFO] Experiment: vlm_run_01
2026-01-05 17:55:04 [INFO] Device: cuda
2026-01-05 17:55:05 [INFO] Loading Data...
2026-01-05 17:55:05 [INFO] Vocab Size: 28
2026-01-05 17:55:06 [INFO] Train Batches: 37411 | Val Batches: 5327
2026-01-05 17:55:06 [INFO] Initializing Model...
2026-01-05 17:55:06 [INFO] Trainable Parameters: 8.86M
2026-01-05 17:55:08 [INFO] Starting Training...
2026-01-06 09:54:45 [INFO] Dataset Config: {'root_dir': 'data\\raw', 'output_dir': 'data\\processed', 'images_dir_name': 'images', 'labels_dir_name': 'labels', 'image_size': 128, 'max_seq_len': 32, 'mean': [0.485, 0.456, 0.406], 'std': [0.229, 0.224, 0.225], 'allowed_weather': ['clear', 'partly cloudy', 'overcast', 'undefined'], 'allowed_time': ['daytime']}
2026-01-06 09:54:45 [INFO] Experiment: vlm_run_01
2026-01-06 09:54:45 [INFO] Device: cuda
2026-01-06 09:54:46 [INFO] Loading Data...
2026-01-06 09:54:46 [INFO] Vocab Size: 28
2026-01-06 09:54:46 [INFO] Train Batches: 37411 | Val Batches: 5327
2026-01-06 09:54:46 [INFO] Initializing Model...
2026-01-06 09:54:47 [INFO] Trainable Parameters: 8.86M
2026-01-06 09:54:50 [INFO] Starting Training...
2026-01-06 09:56:35 [INFO] Dataset Config: {'root_dir': 'data\\raw', 'output_dir': 'data\\processed', 'images_dir_name': 'images', 'labels_dir_name': 'labels', 'image_size': 128, 'max_seq_len': 32, 'mean': [0.485, 0.456, 0.406], 'std': [0.229, 0.224, 0.225], 'allowed_weather': ['clear', 'partly cloudy', 'overcast', 'undefined'], 'allowed_time': ['daytime']}
2026-01-06 09:56:35 [INFO] Experiment: vlm_run_01
2026-01-06 09:56:35 [INFO] Device: cuda
2026-01-06 09:56:36 [INFO] Loading Data...
2026-01-06 09:56:36 [INFO] Vocab Size: 28
2026-01-06 09:56:36 [INFO] Train Batches: 37411 | Val Batches: 5327
2026-01-06 09:56:36 [INFO] Initializing Model...
2026-01-06 09:56:37 [INFO] Trainable Parameters: 8.86M
2026-01-06 09:56:39 [INFO] Starting Training...
2026-01-06 10:02:24 [INFO] Dataset Config: {'root_dir': 'data\\raw', 'output_dir': 'data\\processed', 'images_dir_name': 'images', 'labels_dir_name': 'labels', 'image_size': 128, 'max_seq_len': 32, 'mean': [0.485, 0.456, 0.406], 'std': [0.229, 0.224, 0.225], 'allowed_weather': ['clear', 'partly cloudy', 'overcast', 'undefined'], 'allowed_time': ['daytime']}
2026-01-06 10:02:24 [INFO] Experiment: vlm_run_01
2026-01-06 10:02:24 [INFO] Device: cuda
2026-01-06 10:02:26 [INFO] Loading Data...
2026-01-06 10:02:26 [INFO] Vocab Size: 28
2026-01-06 10:02:26 [INFO] Train Batches: 37411 | Val Batches: 5327
2026-01-06 10:02:26 [INFO] Initializing Model...
2026-01-06 10:02:27 [INFO] Trainable Parameters: 8.86M
2026-01-06 10:02:29 [INFO] Starting Training...
2026-01-06 10:05:36 [INFO] Dataset Config: {'root_dir': 'data\\raw', 'output_dir': 'data\\processed', 'images_dir_name': 'images', 'labels_dir_name': 'labels', 'image_size': 128, 'max_seq_len': 32, 'mean': [0.485, 0.456, 0.406], 'std': [0.229, 0.224, 0.225], 'allowed_weather': ['clear', 'partly cloudy', 'overcast', 'undefined'], 'allowed_time': ['daytime']}
2026-01-06 10:05:36 [INFO] Experiment: vlm_run_01
2026-01-06 10:05:36 [INFO] Device: cuda
2026-01-06 10:05:37 [INFO] Loading Data...
2026-01-06 10:05:37 [INFO] Vocab Size: 28
2026-01-06 10:05:37 [INFO] Train Batches: 37411 | Val Batches: 5327
2026-01-06 10:05:37 [INFO] Initializing Model...
2026-01-06 10:05:38 [INFO] Trainable Parameters: 8.88M
2026-01-06 10:05:40 [INFO] Starting Training...
2026-01-06 10:07:54 [INFO] Dataset Config: {'root_dir': 'data\\raw', 'output_dir': 'data\\processed', 'images_dir_name': 'images', 'labels_dir_name': 'labels', 'image_size': 128, 'max_seq_len': 32, 'mean': [0.485, 0.456, 0.406], 'std': [0.229, 0.224, 0.225], 'allowed_weather': ['clear', 'partly cloudy', 'overcast', 'undefined'], 'allowed_time': ['daytime']}
2026-01-06 10:07:54 [INFO] Experiment: vlm_run_01
2026-01-06 10:07:54 [INFO] Device: cuda
2026-01-06 10:07:55 [INFO] Loading Data...
2026-01-06 10:07:55 [INFO] Vocab Size: 28
2026-01-06 10:07:55 [INFO] Train Batches: 37411 | Val Batches: 5327
2026-01-06 10:07:55 [INFO] Initializing Model...
2026-01-06 10:07:56 [INFO] Trainable Parameters: 8.88M
2026-01-06 10:07:57 [INFO] Starting Training...
2026-01-06 10:12:49 [INFO] Training interrupted.
2026-01-06 10:12:49 [INFO] Done.
2026-01-06 10:20:18 [INFO] Dataset Config: {'root_dir': 'data\\raw', 'output_dir': 'data\\processed', 'images_dir_name': 'images', 'labels_dir_name': 'labels', 'image_size': 128, 'max_seq_len': 32, 'mean': [0.485, 0.456, 0.406], 'std': [0.229, 0.224, 0.225], 'allowed_weather': ['clear', 'partly cloudy', 'overcast', 'undefined'], 'allowed_time': ['daytime']}
2026-01-06 10:20:18 [INFO] Experiment: vlm_run_01
2026-01-06 10:20:18 [INFO] Device: cuda
2026-01-06 10:20:19 [INFO] Loading Data...
2026-01-06 10:20:19 [INFO] Vocab Size: 28
2026-01-06 10:20:20 [INFO] Train Batches: 37411 | Val Batches: 5327
2026-01-06 10:20:20 [INFO] Initializing Model...
2026-01-06 10:20:21 [INFO] Trainable Parameters: 8.88M
2026-01-06 10:20:23 [INFO] Starting Training...
2026-01-06 11:04:03 [INFO] Epoch 1/10 | Train Loss: 0.3638 | Val Loss: 0.3512 | Val Acc: 85.91%
2026-01-06 11:04:17 [INFO] Visualizations saved to outputs\vlm_run_01/visualizations/epoch_1
2026-01-06 11:41:12 [INFO] Epoch 2/10 | Train Loss: 0.3555 | Val Loss: 0.3497 | Val Acc: 85.91%
2026-01-06 11:41:26 [INFO] Visualizations saved to outputs\vlm_run_01/visualizations/epoch_2
2026-01-06 12:20:41 [INFO] Epoch 3/10 | Train Loss: 0.3528 | Val Loss: 0.3479 | Val Acc: 85.91%
2026-01-06 12:20:56 [INFO] Visualizations saved to outputs\vlm_run_01/visualizations/epoch_3
2026-01-06 13:03:20 [INFO] Epoch 4/10 | Train Loss: 0.3527 | Val Loss: 0.3536 | Val Acc: 85.91%
2026-01-06 13:03:31 [INFO] Visualizations saved to outputs\vlm_run_01/visualizations/epoch_4
2026-01-06 13:34:34 [INFO] Epoch 5/10 | Train Loss: 0.3519 | Val Loss: 0.3480 | Val Acc: 85.91%
2026-01-06 13:34:46 [INFO] Visualizations saved to outputs\vlm_run_01/visualizations/epoch_5
2026-01-06 14:06:31 [INFO] Epoch 6/10 | Train Loss: 0.3507 | Val Loss: 0.3459 | Val Acc: 85.91%
2026-01-06 14:06:42 [INFO] Visualizations saved to outputs\vlm_run_01/visualizations/epoch_6
2026-01-06 14:09:53 [INFO] Training interrupted.
2026-01-06 14:09:53 [INFO] Done.
