2026-01-11 09:34:14 [INFO] Dataset Config: {'root_dir': 'data\\raw', 'output_dir': 'data\\processed', 'images_dir_name': 'images', 'labels_dir_name': 'labels', 'image_size': 224, 'max_seq_len': 32, 'mean': [0.485, 0.456, 0.406], 'std': [0.229, 0.224, 0.225], 'allowed_weather': ['clear', 'partly cloudy', 'overcast', 'rainy', 'snowy', 'foggy', 'undefined'], 'allowed_time': ['daytime', 'night', 'dawn/dusk', 'undefined'], 'label_map': {'safe': 0, 'stop_red_light': 1, 'stop_pedestrian': 2, 'stop_vehicle': 3, 'stop_obstacle': 4}, 'num_classes': 5}
2026-01-11 09:34:14 [INFO] Experiment: traffic_vlm_v6_run_1_finetune
2026-01-11 09:34:14 [INFO] Device: cuda
2026-01-11 09:34:14 [INFO] Batch Size: 64
2026-01-11 09:34:14 [INFO] Learning Rate: 1e-05
2026-01-11 09:34:15 [INFO] Loading Data...
2026-01-11 09:34:15 [INFO] Vocab Size: 13
2026-01-11 09:34:15 [INFO] Train Batches: 1094 | Val Batches: 157
2026-01-11 09:34:15 [INFO] Initializing Model...
2026-01-11 09:34:16 [INFO] Trainable Parameters: 68.21M
2026-01-11 09:34:16 [INFO] Loading weights for FINE-TUNING from: checkpoints/traffic_vlm_v6_run_1/best_model.pt
2026-01-11 09:34:17 [INFO] Weights loaded. Optimizer and Scheduler reset. Starting fresh from Epoch 1.
2026-01-11 09:34:17 [INFO] Starting Training...
2026-01-11 09:54:13 [INFO] 
Running Validation for Epoch 1...
2026-01-11 09:55:13 [INFO] 
============================================================
2026-01-11 09:55:13 [INFO] EPOCH 1 BREAKDOWN
2026-01-11 09:55:13 [INFO] ============================================================
2026-01-11 09:55:13 [INFO] Class                Total      Correct    Accuracy  
2026-01-11 09:55:13 [INFO] ------------------------------------------------------------
2026-01-11 09:55:13 [INFO] Safe                 1106       839        75.86%
2026-01-11 09:55:13 [INFO] Red Light            1511       805        53.28%
2026-01-11 09:55:13 [INFO] Pedestrian           898        548        61.02%
2026-01-11 09:55:13 [INFO] Vehicle              6352       2847       44.82%
2026-01-11 09:55:13 [INFO] Obstacle             133        38         28.57%
2026-01-11 09:55:13 [INFO] ============================================================

2026-01-11 09:55:13 [INFO] Overall Val Loss: 1.2411 | Accuracy: 50.77%
2026-01-11 09:55:13 [INFO] Epoch 1/15 | Train Loss: 0.9813 | Val Loss: 1.2411 | Val Acc: 50.77%
2026-01-11 09:55:55 [INFO] Visualizations saved to outputs\traffic_vlm_v6_run_1_finetune/visualizations/epoch_1
2026-01-11 10:31:08 [INFO] 
Running Validation for Epoch 2...
2026-01-11 10:32:07 [INFO] 
============================================================
2026-01-11 10:32:07 [INFO] EPOCH 2 BREAKDOWN
2026-01-11 10:32:07 [INFO] ============================================================
2026-01-11 10:32:07 [INFO] Class                Total      Correct    Accuracy  
2026-01-11 10:32:07 [INFO] ------------------------------------------------------------
2026-01-11 10:32:07 [INFO] Safe                 1106       828        74.86%
2026-01-11 10:32:07 [INFO] Red Light            1511       828        54.80%
2026-01-11 10:32:07 [INFO] Pedestrian           898        520        57.91%
2026-01-11 10:32:07 [INFO] Vehicle              6352       2929       46.11%
2026-01-11 10:32:07 [INFO] Obstacle             133        33         24.81%
2026-01-11 10:32:07 [INFO] ============================================================

2026-01-11 10:32:07 [INFO] Overall Val Loss: 1.2343 | Accuracy: 51.38%
2026-01-11 10:32:07 [INFO] Epoch 2/15 | Train Loss: 0.9718 | Val Loss: 1.2343 | Val Acc: 51.38%
2026-01-11 10:32:41 [INFO] Visualizations saved to outputs\traffic_vlm_v6_run_1_finetune/visualizations/epoch_2
2026-01-11 11:07:03 [INFO] 
Running Validation for Epoch 3...
2026-01-11 11:08:01 [INFO] 
============================================================
2026-01-11 11:08:01 [INFO] EPOCH 3 BREAKDOWN
2026-01-11 11:08:01 [INFO] ============================================================
2026-01-11 11:08:01 [INFO] Class                Total      Correct    Accuracy  
2026-01-11 11:08:01 [INFO] ------------------------------------------------------------
2026-01-11 11:08:01 [INFO] Safe                 1106       824        74.50%
2026-01-11 11:08:01 [INFO] Red Light            1511       845        55.92%
2026-01-11 11:08:01 [INFO] Pedestrian           898        552        61.47%
2026-01-11 11:08:01 [INFO] Vehicle              6352       2715       42.74%
2026-01-11 11:08:01 [INFO] Obstacle             133        31         23.31%
2026-01-11 11:08:01 [INFO] ============================================================

2026-01-11 11:08:01 [INFO] Overall Val Loss: 1.2572 | Accuracy: 49.67%
2026-01-11 11:08:01 [INFO] Epoch 3/15 | Train Loss: 0.9694 | Val Loss: 1.2572 | Val Acc: 49.67%
2026-01-11 11:08:36 [INFO] Visualizations saved to outputs\traffic_vlm_v6_run_1_finetune/visualizations/epoch_3
2026-01-11 11:43:40 [INFO] 
Running Validation for Epoch 4...
2026-01-11 11:44:42 [INFO] 
============================================================
2026-01-11 11:44:42 [INFO] EPOCH 4 BREAKDOWN
2026-01-11 11:44:42 [INFO] ============================================================
2026-01-11 11:44:42 [INFO] Class                Total      Correct    Accuracy  
2026-01-11 11:44:42 [INFO] ------------------------------------------------------------
2026-01-11 11:44:42 [INFO] Safe                 1106       819        74.05%
2026-01-11 11:44:42 [INFO] Red Light            1511       838        55.46%
2026-01-11 11:44:42 [INFO] Pedestrian           898        534        59.47%
2026-01-11 11:44:42 [INFO] Vehicle              6352       2890       45.50%
2026-01-11 11:44:42 [INFO] Obstacle             133        32         24.06%
2026-01-11 11:44:42 [INFO] ============================================================

2026-01-11 11:44:42 [INFO] Overall Val Loss: 1.2431 | Accuracy: 51.13%
2026-01-11 11:44:42 [INFO] Epoch 4/15 | Train Loss: 0.9656 | Val Loss: 1.2431 | Val Acc: 51.13%
2026-01-11 11:45:19 [INFO] Visualizations saved to outputs\traffic_vlm_v6_run_1_finetune/visualizations/epoch_4
2026-01-11 12:20:56 [INFO] 
Running Validation for Epoch 5...
2026-01-11 12:22:08 [INFO] 
============================================================
2026-01-11 12:22:08 [INFO] EPOCH 5 BREAKDOWN
2026-01-11 12:22:08 [INFO] ============================================================
2026-01-11 12:22:08 [INFO] Class                Total      Correct    Accuracy  
2026-01-11 12:22:08 [INFO] ------------------------------------------------------------
2026-01-11 12:22:08 [INFO] Safe                 1106       796        71.97%
2026-01-11 12:22:08 [INFO] Red Light            1511       870        57.58%
2026-01-11 12:22:08 [INFO] Pedestrian           898        529        58.91%
2026-01-11 12:22:08 [INFO] Vehicle              6352       2861       45.04%
2026-01-11 12:22:08 [INFO] Obstacle             133        25         18.80%
2026-01-11 12:22:08 [INFO] ============================================================

2026-01-11 12:22:08 [INFO] Overall Val Loss: 1.2425 | Accuracy: 50.81%
2026-01-11 12:22:08 [INFO] Epoch 5/15 | Train Loss: 0.9544 | Val Loss: 1.2425 | Val Acc: 50.81%
2026-01-11 12:22:49 [INFO] Visualizations saved to outputs\traffic_vlm_v6_run_1_finetune/visualizations/epoch_5
2026-01-11 12:58:38 [INFO] 
Running Validation for Epoch 6...
2026-01-11 12:59:51 [INFO] 
============================================================
2026-01-11 12:59:51 [INFO] EPOCH 6 BREAKDOWN
2026-01-11 12:59:51 [INFO] ============================================================
2026-01-11 12:59:51 [INFO] Class                Total      Correct    Accuracy  
2026-01-11 12:59:51 [INFO] ------------------------------------------------------------
2026-01-11 12:59:51 [INFO] Safe                 1106       806        72.88%
2026-01-11 12:59:51 [INFO] Red Light            1511       867        57.38%
2026-01-11 12:59:51 [INFO] Pedestrian           898        525        58.46%
2026-01-11 12:59:51 [INFO] Vehicle              6352       2857       44.98%
2026-01-11 12:59:51 [INFO] Obstacle             133        27         20.30%
2026-01-11 12:59:51 [INFO] ============================================================

2026-01-11 12:59:51 [INFO] Overall Val Loss: 1.2456 | Accuracy: 50.82%
2026-01-11 12:59:51 [INFO] Epoch 6/15 | Train Loss: 0.9543 | Val Loss: 1.2456 | Val Acc: 50.82%
2026-01-11 13:00:33 [INFO] Visualizations saved to outputs\traffic_vlm_v6_run_1_finetune/visualizations/epoch_6
2026-01-11 13:36:35 [INFO] 
Running Validation for Epoch 7...
2026-01-11 13:37:51 [INFO] 
============================================================
2026-01-11 13:37:51 [INFO] EPOCH 7 BREAKDOWN
2026-01-11 13:37:51 [INFO] ============================================================
2026-01-11 13:37:51 [INFO] Class                Total      Correct    Accuracy  
2026-01-11 13:37:51 [INFO] ------------------------------------------------------------
2026-01-11 13:37:51 [INFO] Safe                 1106       807        72.97%
2026-01-11 13:37:51 [INFO] Red Light            1511       875        57.91%
2026-01-11 13:37:51 [INFO] Pedestrian           898        535        59.58%
2026-01-11 13:37:51 [INFO] Vehicle              6352       2810       44.24%
2026-01-11 13:37:51 [INFO] Obstacle             133        28         21.05%
2026-01-11 13:37:51 [INFO] ============================================================

2026-01-11 13:37:51 [INFO] Overall Val Loss: 1.2514 | Accuracy: 50.55%
2026-01-11 13:37:51 [INFO] Epoch 7/15 | Train Loss: 0.9554 | Val Loss: 1.2514 | Val Acc: 50.55%
2026-01-11 13:38:32 [INFO] Visualizations saved to outputs\traffic_vlm_v6_run_1_finetune/visualizations/epoch_7
2026-01-11 14:14:27 [INFO] 
Running Validation for Epoch 8...
2026-01-11 14:15:43 [INFO] 
============================================================
2026-01-11 14:15:43 [INFO] EPOCH 8 BREAKDOWN
2026-01-11 14:15:43 [INFO] ============================================================
2026-01-11 14:15:43 [INFO] Class                Total      Correct    Accuracy  
2026-01-11 14:15:43 [INFO] ------------------------------------------------------------
2026-01-11 14:15:43 [INFO] Safe                 1106       833        75.32%
2026-01-11 14:15:43 [INFO] Red Light            1511       815        53.94%
2026-01-11 14:15:43 [INFO] Pedestrian           898        523        58.24%
2026-01-11 14:15:43 [INFO] Vehicle              6352       2900       45.65%
2026-01-11 14:15:43 [INFO] Obstacle             133        28         21.05%
2026-01-11 14:15:43 [INFO] ============================================================

2026-01-11 14:15:43 [INFO] Overall Val Loss: 1.2392 | Accuracy: 50.99%
2026-01-11 14:15:43 [INFO] Epoch 8/15 | Train Loss: 0.9576 | Val Loss: 1.2392 | Val Acc: 50.99%
2026-01-11 14:16:24 [INFO] Visualizations saved to outputs\traffic_vlm_v6_run_1_finetune/visualizations/epoch_8
2026-01-11 14:52:24 [INFO] 
Running Validation for Epoch 9...
2026-01-11 14:53:43 [INFO] 
============================================================
2026-01-11 14:53:43 [INFO] EPOCH 9 BREAKDOWN
2026-01-11 14:53:43 [INFO] ============================================================
2026-01-11 14:53:43 [INFO] Class                Total      Correct    Accuracy  
2026-01-11 14:53:43 [INFO] ------------------------------------------------------------
2026-01-11 14:53:43 [INFO] Safe                 1106       827        74.77%
2026-01-11 14:53:43 [INFO] Red Light            1511       846        55.99%
2026-01-11 14:53:43 [INFO] Pedestrian           898        501        55.79%
2026-01-11 14:53:43 [INFO] Vehicle              6352       2977       46.87%
2026-01-11 14:53:43 [INFO] Obstacle             133        29         21.80%
2026-01-11 14:53:43 [INFO] ============================================================

2026-01-11 14:53:43 [INFO] Overall Val Loss: 1.2324 | Accuracy: 51.80%
2026-01-11 14:53:43 [INFO] Epoch 9/15 | Train Loss: 0.9506 | Val Loss: 1.2324 | Val Acc: 51.80%
2026-01-11 14:54:26 [INFO] Visualizations saved to outputs\traffic_vlm_v6_run_1_finetune/visualizations/epoch_9
2026-01-11 15:30:26 [INFO] 
Running Validation for Epoch 10...
2026-01-11 15:31:46 [INFO] 
============================================================
2026-01-11 15:31:46 [INFO] EPOCH 10 BREAKDOWN
2026-01-11 15:31:46 [INFO] ============================================================
2026-01-11 15:31:46 [INFO] Class                Total      Correct    Accuracy  
2026-01-11 15:31:46 [INFO] ------------------------------------------------------------
2026-01-11 15:31:46 [INFO] Safe                 1106       816        73.78%
2026-01-11 15:31:46 [INFO] Red Light            1511       851        56.32%
2026-01-11 15:31:46 [INFO] Pedestrian           898        508        56.57%
2026-01-11 15:31:46 [INFO] Vehicle              6352       2952       46.47%
2026-01-11 15:31:46 [INFO] Obstacle             133        29         21.80%
2026-01-11 15:31:46 [INFO] ============================================================

2026-01-11 15:31:46 [INFO] Overall Val Loss: 1.2360 | Accuracy: 51.56%
2026-01-11 15:31:46 [INFO] Epoch 10/15 | Train Loss: 0.9507 | Val Loss: 1.2360 | Val Acc: 51.56%
2026-01-11 15:32:27 [INFO] Visualizations saved to outputs\traffic_vlm_v6_run_1_finetune/visualizations/epoch_10
2026-01-11 16:08:23 [INFO] 
Running Validation for Epoch 11...
2026-01-11 16:09:33 [INFO] 
============================================================
2026-01-11 16:09:33 [INFO] EPOCH 11 BREAKDOWN
2026-01-11 16:09:33 [INFO] ============================================================
2026-01-11 16:09:33 [INFO] Class                Total      Correct    Accuracy  
2026-01-11 16:09:33 [INFO] ------------------------------------------------------------
2026-01-11 16:09:33 [INFO] Safe                 1106       837        75.68%
2026-01-11 16:09:33 [INFO] Red Light            1511       845        55.92%
2026-01-11 16:09:33 [INFO] Pedestrian           898        517        57.57%
2026-01-11 16:09:33 [INFO] Vehicle              6352       2855       44.95%
2026-01-11 16:09:33 [INFO] Obstacle             133        26         19.55%
2026-01-11 16:09:33 [INFO] ============================================================

2026-01-11 16:09:33 [INFO] Overall Val Loss: 1.2400 | Accuracy: 50.80%
2026-01-11 16:09:33 [INFO] Epoch 11/15 | Train Loss: 0.9458 | Val Loss: 1.2400 | Val Acc: 50.80%
2026-01-11 16:10:13 [INFO] Visualizations saved to outputs\traffic_vlm_v6_run_1_finetune/visualizations/epoch_11
2026-01-11 16:45:53 [INFO] 
Running Validation for Epoch 12...
2026-01-11 16:47:25 [INFO] 
============================================================
2026-01-11 16:47:25 [INFO] EPOCH 12 BREAKDOWN
2026-01-11 16:47:25 [INFO] ============================================================
2026-01-11 16:47:25 [INFO] Class                Total      Correct    Accuracy  
2026-01-11 16:47:25 [INFO] ------------------------------------------------------------
2026-01-11 16:47:25 [INFO] Safe                 1106       828        74.86%
2026-01-11 16:47:25 [INFO] Red Light            1511       855        56.59%
2026-01-11 16:47:25 [INFO] Pedestrian           898        521        58.02%
2026-01-11 16:47:25 [INFO] Vehicle              6352       2838       44.68%
2026-01-11 16:47:25 [INFO] Obstacle             133        28         21.05%
2026-01-11 16:47:25 [INFO] ============================================================

2026-01-11 16:47:25 [INFO] Overall Val Loss: 1.2458 | Accuracy: 50.70%
2026-01-11 16:47:25 [INFO] Epoch 12/15 | Train Loss: 0.9413 | Val Loss: 1.2458 | Val Acc: 50.70%
2026-01-11 16:48:12 [INFO] Visualizations saved to outputs\traffic_vlm_v6_run_1_finetune/visualizations/epoch_12
2026-01-11 17:24:56 [INFO] 
Running Validation for Epoch 13...
2026-01-11 17:25:56 [INFO] 
============================================================
2026-01-11 17:25:56 [INFO] EPOCH 13 BREAKDOWN
2026-01-11 17:25:56 [INFO] ============================================================
2026-01-11 17:25:56 [INFO] Class                Total      Correct    Accuracy  
2026-01-11 17:25:56 [INFO] ------------------------------------------------------------
2026-01-11 17:25:56 [INFO] Safe                 1106       826        74.68%
2026-01-11 17:25:56 [INFO] Red Light            1511       851        56.32%
2026-01-11 17:25:56 [INFO] Pedestrian           898        521        58.02%
2026-01-11 17:25:56 [INFO] Vehicle              6352       2848       44.84%
2026-01-11 17:25:56 [INFO] Obstacle             133        27         20.30%
2026-01-11 17:25:56 [INFO] ============================================================

2026-01-11 17:25:56 [INFO] Overall Val Loss: 1.2434 | Accuracy: 50.73%
2026-01-11 17:25:56 [INFO] Epoch 13/15 | Train Loss: 0.9417 | Val Loss: 1.2434 | Val Acc: 50.73%
2026-01-11 17:26:31 [INFO] Visualizations saved to outputs\traffic_vlm_v6_run_1_finetune/visualizations/epoch_13
2026-01-11 18:01:11 [INFO] 
Running Validation for Epoch 14...
2026-01-11 18:02:11 [INFO] 
============================================================
2026-01-11 18:02:11 [INFO] EPOCH 14 BREAKDOWN
2026-01-11 18:02:11 [INFO] ============================================================
2026-01-11 18:02:11 [INFO] Class                Total      Correct    Accuracy  
2026-01-11 18:02:11 [INFO] ------------------------------------------------------------
2026-01-11 18:02:11 [INFO] Safe                 1106       826        74.68%
2026-01-11 18:02:11 [INFO] Red Light            1511       851        56.32%
2026-01-11 18:02:11 [INFO] Pedestrian           898        519        57.80%
2026-01-11 18:02:11 [INFO] Vehicle              6352       2861       45.04%
2026-01-11 18:02:11 [INFO] Obstacle             133        27         20.30%
2026-01-11 18:02:11 [INFO] ============================================================

2026-01-11 18:02:11 [INFO] Overall Val Loss: 1.2403 | Accuracy: 50.84%
2026-01-11 18:02:11 [INFO] Epoch 14/15 | Train Loss: 0.9439 | Val Loss: 1.2403 | Val Acc: 50.84%
2026-01-11 18:02:46 [INFO] Visualizations saved to outputs\traffic_vlm_v6_run_1_finetune/visualizations/epoch_14
2026-01-11 18:37:23 [INFO] 
Running Validation for Epoch 15...
2026-01-11 18:38:22 [INFO] 
============================================================
2026-01-11 18:38:22 [INFO] EPOCH 15 BREAKDOWN
2026-01-11 18:38:22 [INFO] ============================================================
2026-01-11 18:38:22 [INFO] Class                Total      Correct    Accuracy  
2026-01-11 18:38:22 [INFO] ------------------------------------------------------------
2026-01-11 18:38:22 [INFO] Safe                 1106       827        74.77%
2026-01-11 18:38:22 [INFO] Red Light            1511       851        56.32%
2026-01-11 18:38:22 [INFO] Pedestrian           898        520        57.91%
2026-01-11 18:38:22 [INFO] Vehicle              6352       2860       45.03%
2026-01-11 18:38:22 [INFO] Obstacle             133        27         20.30%
2026-01-11 18:38:22 [INFO] ============================================================

2026-01-11 18:38:22 [INFO] Overall Val Loss: 1.2399 | Accuracy: 50.85%
2026-01-11 18:38:22 [INFO] Epoch 15/15 | Train Loss: 0.9720 | Val Loss: 1.2399 | Val Acc: 50.85%
2026-01-11 18:38:57 [INFO] Visualizations saved to outputs\traffic_vlm_v6_run_1_finetune/visualizations/epoch_15
2026-01-11 18:38:57 [INFO] Done.
