2026-01-06 15:56:58 [INFO] Dataset Config: {'root_dir': 'data\\raw', 'output_dir': 'data\\processed', 'images_dir_name': 'images', 'labels_dir_name': 'labels', 'image_size': 128, 'max_seq_len': 32, 'mean': [0.485, 0.456, 0.406], 'std': [0.229, 0.224, 0.225], 'allowed_weather': ['clear', 'partly cloudy', 'overcast', 'rainy', 'snowy', 'foggy', 'undefined'], 'allowed_time': ['daytime', 'night', 'dawn/dusk', 'undefined']}
2026-01-06 15:56:58 [INFO] Experiment: traffic_vlm_v2
2026-01-06 15:56:58 [INFO] Device: cuda
2026-01-06 15:56:59 [INFO] Loading Data...
2026-01-06 15:56:59 [INFO] Vocab Size: 39
2026-01-06 15:57:00 [INFO] Train Batches: 20405 | Val Batches: 2918
2026-01-06 15:57:00 [INFO] Initializing Model...
2026-01-06 15:57:00 [INFO] Trainable Parameters: 8.88M
2026-01-06 15:57:02 [INFO] Starting Training...
2026-01-06 16:17:53 [INFO] Epoch 1/1 | Train Loss: 0.3610 | Val Loss: 0.3375 | Val Acc: 84.22%
2026-01-06 16:18:06 [INFO] Visualizations saved to outputs\traffic_vlm_v2/visualizations/epoch_1
2026-01-06 16:18:06 [INFO] Done.
2026-01-06 16:21:24 [INFO] Dataset Config: {'root_dir': 'data\\raw', 'output_dir': 'data\\processed', 'images_dir_name': 'images', 'labels_dir_name': 'labels', 'image_size': 128, 'max_seq_len': 32, 'mean': [0.485, 0.456, 0.406], 'std': [0.229, 0.224, 0.225], 'allowed_weather': ['clear', 'partly cloudy', 'overcast', 'rainy', 'snowy', 'foggy', 'undefined'], 'allowed_time': ['daytime', 'night', 'dawn/dusk', 'undefined']}
2026-01-06 16:21:24 [INFO] Experiment: traffic_vlm_v2
2026-01-06 16:21:24 [INFO] Device: cuda
2026-01-06 16:21:25 [INFO] Loading Data...
2026-01-06 16:21:25 [INFO] Vocab Size: 39
2026-01-06 16:21:26 [INFO] Train Batches: 20405 | Val Batches: 2918
2026-01-06 16:21:26 [INFO] Initializing Model...
2026-01-06 16:21:26 [INFO] Trainable Parameters: 8.88M
2026-01-06 16:21:58 [INFO] Dataset Config: {'root_dir': 'data\\raw', 'output_dir': 'data\\processed', 'images_dir_name': 'images', 'labels_dir_name': 'labels', 'image_size': 128, 'max_seq_len': 32, 'mean': [0.485, 0.456, 0.406], 'std': [0.229, 0.224, 0.225], 'allowed_weather': ['clear', 'partly cloudy', 'overcast', 'rainy', 'snowy', 'foggy', 'undefined'], 'allowed_time': ['daytime', 'night', 'dawn/dusk', 'undefined']}
2026-01-06 16:21:58 [INFO] Experiment: traffic_vlm_v2
2026-01-06 16:21:58 [INFO] Device: cuda
2026-01-06 16:22:00 [INFO] Loading Data...
2026-01-06 16:22:00 [INFO] Vocab Size: 39
2026-01-06 16:22:00 [INFO] Train Batches: 20405 | Val Batches: 2918
2026-01-06 16:22:00 [INFO] Initializing Model...
2026-01-06 16:22:01 [INFO] Trainable Parameters: 8.88M
2026-01-06 16:22:02 [INFO] Resumed from epoch 0
2026-01-06 16:22:02 [INFO] Starting Training...
2026-01-06 16:43:30 [INFO] Epoch 1/3 | Train Loss: 0.3451 | Val Loss: 0.3346 | Val Acc: 84.44%
2026-01-06 16:43:43 [INFO] Visualizations saved to outputs\traffic_vlm_v2/visualizations/epoch_1
2026-01-06 17:04:45 [INFO] Epoch 2/3 | Train Loss: 0.3311 | Val Loss: 0.3259 | Val Acc: 84.89%
2026-01-06 17:04:58 [INFO] Visualizations saved to outputs\traffic_vlm_v2/visualizations/epoch_2
2026-01-06 17:26:09 [INFO] Epoch 3/3 | Train Loss: 0.3280 | Val Loss: 0.3327 | Val Acc: 84.42%
2026-01-06 17:26:21 [INFO] Visualizations saved to outputs\traffic_vlm_v2/visualizations/epoch_3
2026-01-06 17:26:21 [INFO] Done.
