2026-01-09 11:03:11 [INFO] Dataset Config: {'root_dir': 'data\\raw', 'output_dir': 'data\\processed', 'images_dir_name': 'images', 'labels_dir_name': 'labels', 'image_size': 224, 'max_seq_len': 32, 'mean': [0.485, 0.456, 0.406], 'std': [0.229, 0.224, 0.225], 'allowed_weather': ['clear', 'partly cloudy', 'overcast', 'rainy', 'snowy', 'foggy', 'undefined'], 'allowed_time': ['daytime', 'night', 'dawn/dusk', 'undefined'], 'label_map': {'yes': 0, 'safe': 0, 'no': 1, 'stop_red_light': 2, 'stop_pedestrian': 3, 'stop_vehicle': 4, 'stop_obstacle': 5}, 'num_classes': 6}
2026-01-09 11:03:11 [INFO] Experiment: traffic_vlm_v4_run_1
2026-01-09 11:03:11 [INFO] Device: cuda
2026-01-09 11:03:11 [INFO] Loading Data...
2026-01-09 11:03:11 [INFO] Vocab Size: 40
2026-01-09 11:03:14 [INFO] Train Batches: 24566 | Val Batches: 3516
2026-01-09 11:03:14 [INFO] Initializing Model...
2026-01-09 11:03:14 [INFO] Trainable Parameters: 8.77M
2026-01-09 11:03:14 [INFO] Starting Training...
2026-01-09 11:05:20 [INFO] Dataset Config: {'root_dir': 'data\\raw', 'output_dir': 'data\\processed', 'images_dir_name': 'images', 'labels_dir_name': 'labels', 'image_size': 224, 'max_seq_len': 32, 'mean': [0.485, 0.456, 0.406], 'std': [0.229, 0.224, 0.225], 'allowed_weather': ['clear', 'partly cloudy', 'overcast', 'rainy', 'snowy', 'foggy', 'undefined'], 'allowed_time': ['daytime', 'night', 'dawn/dusk', 'undefined'], 'label_map': {'yes': 0, 'safe': 0, 'no': 1, 'stop_red_light': 2, 'stop_pedestrian': 3, 'stop_vehicle': 4, 'stop_obstacle': 5}, 'num_classes': 6}
2026-01-09 11:05:20 [INFO] Experiment: traffic_vlm_v4_run_1
2026-01-09 11:05:20 [INFO] Device: cuda
2026-01-09 11:05:20 [INFO] Loading Data...
2026-01-09 11:05:20 [INFO] Vocab Size: 40
2026-01-09 11:05:21 [INFO] Train Batches: 24566 | Val Batches: 3516
2026-01-09 11:05:21 [INFO] Initializing Model...
2026-01-09 11:05:21 [INFO] Trainable Parameters: 8.80M
2026-01-09 11:05:21 [INFO] Starting Training...
2026-01-09 12:04:00 [INFO] Epoch 1/10 | Train Loss: 0.4510 | Val Loss: 0.4198 | Val Acc: 81.88%
2026-01-09 12:04:56 [INFO] Visualizations saved to outputs\traffic_vlm_v4_run_1/visualizations/epoch_1
2026-01-09 13:09:12 [INFO] Epoch 2/10 | Train Loss: 0.4162 | Val Loss: 0.4001 | Val Acc: 82.65%
2026-01-09 13:10:09 [INFO] Visualizations saved to outputs\traffic_vlm_v4_run_1/visualizations/epoch_2
2026-01-09 14:16:04 [INFO] Epoch 3/10 | Train Loss: 0.4010 | Val Loss: 0.4083 | Val Acc: 82.41%
2026-01-09 14:17:00 [INFO] Visualizations saved to outputs\traffic_vlm_v4_run_1/visualizations/epoch_3
2026-01-09 15:23:20 [INFO] Epoch 4/10 | Train Loss: 0.3895 | Val Loss: 0.3880 | Val Acc: 83.46%
2026-01-09 15:24:14 [INFO] Visualizations saved to outputs\traffic_vlm_v4_run_1/visualizations/epoch_4
2026-01-09 16:31:39 [INFO] Epoch 5/10 | Train Loss: 0.3791 | Val Loss: 0.3859 | Val Acc: 83.64%
2026-01-09 16:32:37 [INFO] Visualizations saved to outputs\traffic_vlm_v4_run_1/visualizations/epoch_5
2026-01-09 17:55:30 [INFO] Epoch 6/10 | Train Loss: 0.3696 | Val Loss: 0.3895 | Val Acc: 83.73%
2026-01-09 17:56:15 [INFO] Visualizations saved to outputs\traffic_vlm_v4_run_1/visualizations/epoch_6
