2026-01-08 10:17:10 [INFO] Dataset Config: {'root_dir': 'data\\raw', 'output_dir': 'data\\processed', 'images_dir_name': 'images', 'labels_dir_name': 'labels', 'image_size': 128, 'max_seq_len': 32, 'mean': [0.485, 0.456, 0.406], 'std': [0.229, 0.224, 0.225], 'allowed_weather': ['clear', 'partly cloudy', 'overcast', 'rainy', 'snowy', 'foggy', 'undefined'], 'allowed_time': ['daytime', 'night', 'dawn/dusk', 'undefined'], 'label_map': {'yes': 0, 'safe': 0, 'no': 1, 'stop_red_light': 2, 'stop_pedestrian': 3, 'stop_vehicle': 4, 'stop_obstacle': 5}, 'num_classes': 6}
2026-01-08 10:17:10 [INFO] Experiment: traffic_vlm_v3_run_2
2026-01-08 10:17:10 [INFO] Device: cuda
2026-01-08 10:17:11 [INFO] Loading Data...
2026-01-08 10:17:11 [INFO] Vocab Size: 37
2026-01-08 10:17:12 [INFO] Train Batches: 20588 | Val Batches: 2945
2026-01-08 10:17:12 [INFO] Initializing Model...
2026-01-08 10:17:13 [INFO] Trainable Parameters: 8.88M
2026-01-08 10:17:13 [INFO] Starting Training...
2026-01-08 10:21:15 [INFO] Training interrupted.
2026-01-08 10:21:15 [INFO] Done.
2026-01-08 10:25:18 [INFO] Dataset Config: {'root_dir': 'data\\raw', 'output_dir': 'data\\processed', 'images_dir_name': 'images', 'labels_dir_name': 'labels', 'image_size': 128, 'max_seq_len': 32, 'mean': [0.485, 0.456, 0.406], 'std': [0.229, 0.224, 0.225], 'allowed_weather': ['clear', 'partly cloudy', 'overcast', 'rainy', 'snowy', 'foggy', 'undefined'], 'allowed_time': ['daytime', 'night', 'dawn/dusk', 'undefined'], 'label_map': {'yes': 0, 'safe': 0, 'no': 1, 'stop_red_light': 2, 'stop_pedestrian': 3, 'stop_vehicle': 4, 'stop_obstacle': 5}, 'num_classes': 6}
2026-01-08 10:25:18 [INFO] Experiment: traffic_vlm_v3_run_2
2026-01-08 10:25:18 [INFO] Device: cuda
2026-01-08 10:25:20 [INFO] Loading Data...
2026-01-08 10:25:20 [INFO] Vocab Size: 37
2026-01-08 10:25:20 [INFO] Train Batches: 20588 | Val Batches: 2945
2026-01-08 10:25:20 [INFO] Initializing Model...
2026-01-08 10:25:21 [INFO] Trainable Parameters: 8.88M
2026-01-08 10:25:21 [INFO] Starting Training...
2026-01-08 10:53:52 [INFO] Epoch 1/10 | Train Loss: 0.5472 | Val Loss: 0.5002 | Val Acc: 78.08%
2026-01-08 10:54:10 [INFO] Visualizations saved to outputs\traffic_vlm_v3_run_2/visualizations/epoch_1
2026-01-08 11:19:17 [INFO] Epoch 2/10 | Train Loss: 0.4947 | Val Loss: 0.4905 | Val Acc: 78.58%
2026-01-08 11:19:34 [INFO] Visualizations saved to outputs\traffic_vlm_v3_run_2/visualizations/epoch_2
2026-01-08 11:43:14 [INFO] Epoch 3/10 | Train Loss: 0.4805 | Val Loss: 0.4910 | Val Acc: 78.65%
2026-01-08 11:43:34 [INFO] Visualizations saved to outputs\traffic_vlm_v3_run_2/visualizations/epoch_3
2026-01-08 12:06:46 [INFO] Epoch 4/10 | Train Loss: 0.4654 | Val Loss: 0.4905 | Val Acc: 79.32%
2026-01-08 12:07:03 [INFO] Visualizations saved to outputs\traffic_vlm_v3_run_2/visualizations/epoch_4
2026-01-08 12:30:38 [INFO] Epoch 5/10 | Train Loss: 0.4477 | Val Loss: 0.4893 | Val Acc: 79.46%
2026-01-08 12:30:55 [INFO] Visualizations saved to outputs\traffic_vlm_v3_run_2/visualizations/epoch_5
2026-01-08 12:54:59 [INFO] Epoch 6/10 | Train Loss: 0.4257 | Val Loss: 0.5140 | Val Acc: 79.14%
2026-01-08 12:55:18 [INFO] Visualizations saved to outputs\traffic_vlm_v3_run_2/visualizations/epoch_6
2026-01-08 13:19:37 [INFO] Epoch 7/10 | Train Loss: 0.4024 | Val Loss: 0.5407 | Val Acc: 78.97%
2026-01-08 13:19:56 [INFO] Visualizations saved to outputs\traffic_vlm_v3_run_2/visualizations/epoch_7
2026-01-08 13:45:24 [INFO] Epoch 8/10 | Train Loss: 0.3796 | Val Loss: 0.5641 | Val Acc: 78.87%
2026-01-08 13:45:42 [INFO] Visualizations saved to outputs\traffic_vlm_v3_run_2/visualizations/epoch_8
2026-01-08 14:11:02 [INFO] Epoch 9/10 | Train Loss: 0.3635 | Val Loss: 0.5812 | Val Acc: 78.71%
2026-01-08 14:11:20 [INFO] Visualizations saved to outputs\traffic_vlm_v3_run_2/visualizations/epoch_9
2026-01-08 14:36:26 [INFO] Epoch 10/10 | Train Loss: 0.3558 | Val Loss: 0.5858 | Val Acc: 78.75%
2026-01-08 14:36:44 [INFO] Visualizations saved to outputs\traffic_vlm_v3_run_2/visualizations/epoch_10
2026-01-08 14:36:44 [INFO] Done.
